p/297.jpg 1 0 0 168 112
p/298.jpg 1 0 0 168 112
p/299.jpg 1 0 0 168 112
p/294.jpg 1 0 0 148 99
p/295.jpg 1 0 0 148 99
p/296.jpg 1 0 0 148 99
p/291.jpg 1 0 0 115 77
p/292.jpg 1 0 0 115 77
p/293.jpg 1 0 0 115 77
p/288.jpg 1 0 0 145 97
p/289.jpg 1 0 0 145 97
p/290.jpg 1 0 0 145 97
p/285.jpg 1 0 0 129 86
p/286.jpg 1 0 0 129 86
p/287.jpg 1 0 0 129 86
p/282.jpg 1 0 0 139 93
p/283.jpg 1 0 0 139 93
p/284.jpg 1 0 0 139 93
p/279.jpg 1 0 0 140 93
p/280.jpg 1 0 0 140 93
p/281.jpg 1 0 0 140 93
p/276.jpg 1 0 0 131 87
p/277.jpg 1 0 0 131 87
p/278.jpg 1 0 0 131 87
p/273.jpg 1 0 0 145 96
p/274.jpg 1 0 0 145 96
p/275.jpg 1 0 0 145 96
p/270.jpg 1 0 0 140 94
p/271.jpg 1 0 0 140 94
p/272.jpg 1 0 0 140 94
p/267.jpg 1 0 0 137 91
p/268.jpg 1 0 0 137 91
p/269.jpg 1 0 0 137 91
p/264.jpg 1 0 0 149 99
p/265.jpg 1 0 0 149 99
p/266.jpg 1 0 0 149 99
p/261.jpg 1 0 0 125 83
p/262.jpg 1 0 0 125 83
p/263.jpg 1 0 0 125 83
p/258.jpg 1 0 0 117 78
p/259.jpg 1 0 0 117 78
p/260.jpg 1 0 0 117 78
p/255.jpg 1 0 0 119 80
p/256.jpg 1 0 0 119 80
p/257.jpg 1 0 0 119 80
p/252.jpg 1 0 0 131 87
p/253.jpg 1 0 0 131 87
p/254.jpg 1 0 0 131 87
p/249.jpg 1 0 0 129 86
p/250.jpg 1 0 0 129 86
p/251.jpg 1 0 0 129 86
p/246.jpg 1 0 0 113 76
p/247.jpg 1 0 0 113 76
p/248.jpg 1 0 0 113 76
p/243.jpg 1 0 0 131 87
p/244.jpg 1 0 0 131 87
p/245.jpg 1 0 0 131 87
p/240.jpg 1 0 0 111 74
p/241.jpg 1 0 0 111 74
p/242.jpg 1 0 0 111 74
p/237.jpg 1 0 0 111 74
p/238.jpg 1 0 0 111 74
p/239.jpg 1 0 0 111 74
p/234.jpg 1 0 0 123 82
p/235.jpg 1 0 0 123 82
p/236.jpg 1 0 0 123 82
p/231.jpg 1 0 0 114 76
p/232.jpg 1 0 0 114 76
p/233.jpg 1 0 0 114 76
p/228.jpg 1 0 0 120 80
p/229.jpg 1 0 0 120 80
p/230.jpg 1 0 0 120 80
p/225.jpg 1 0 0 115 77
p/226.jpg 1 0 0 115 77
p/227.jpg 1 0 0 115 77
p/222.jpg 1 0 0 126 84
p/223.jpg 1 0 0 126 84
p/224.jpg 1 0 0 126 84
p/219.jpg 1 0 0 115 77
p/220.jpg 1 0 0 115 77
p/221.jpg 1 0 0 115 77
p/216.jpg 1 0 0 109 73
p/217.jpg 1 0 0 109 73
p/218.jpg 1 0 0 109 73
p/213.jpg 1 0 0 122 81
p/214.jpg 1 0 0 122 81
p/215.jpg 1 0 0 122 81
p/210.jpg 1 0 0 130 87
p/211.jpg 1 0 0 130 87
p/212.jpg 1 0 0 130 87
p/207.jpg 1 0 0 149 99
p/208.jpg 1 0 0 149 99
p/209.jpg 1 0 0 149 99
p/204.jpg 1 0 0 171 114
p/205.jpg 1 0 0 171 114
p/206.jpg 1 0 0 171 114
p/201.jpg 1 0 0 138 92
p/202.jpg 1 0 0 138 92
p/203.jpg 1 0 0 138 92
p/198.jpg 1 0 0 165 110
p/199.jpg 1 0 0 165 110
p/200.jpg 1 0 0 165 110
p/195.jpg 1 0 0 78 52
p/196.jpg 1 0 0 78 52
p/197.jpg 1 0 0 78 52
p/192.jpg 1 0 0 87 58
p/193.jpg 1 0 0 87 58
p/194.jpg 1 0 0 87 58
p/189.jpg 1 0 0 88 59
p/190.jpg 1 0 0 88 59
p/191.jpg 1 0 0 88 59
p/186.jpg 1 0 0 95 63
p/187.jpg 1 0 0 95 63
p/188.jpg 1 0 0 95 63
p/183.jpg 1 0 0 75 50
p/184.jpg 1 0 0 75 50
p/185.jpg 1 0 0 75 50
p/180.jpg 1 0 0 96 64
p/181.jpg 1 0 0 96 64
p/182.jpg 1 0 0 96 64
p/177.jpg 1 0 0 95 63
p/178.jpg 1 0 0 95 63
p/179.jpg 1 0 0 95 63
p/174.jpg 1 0 0 145 97
p/175.jpg 1 0 0 145 97
p/176.jpg 1 0 0 145 97
p/171.jpg 1 0 0 143 95
p/172.jpg 1 0 0 143 95
p/173.jpg 1 0 0 143 95
p/168.jpg 1 0 0 134 89
p/169.jpg 1 0 0 134 89
p/170.jpg 1 0 0 134 89
p/165.jpg 1 0 0 129 86
p/166.jpg 1 0 0 129 86
p/167.jpg 1 0 0 129 86
p/162.jpg 1 0 0 120 80
p/163.jpg 1 0 0 120 80
p/164.jpg 1 0 0 120 80
p/159.jpg 1 0 0 135 90
p/160.jpg 1 0 0 135 90
p/161.jpg 1 0 0 135 90
p/156.jpg 1 0 0 135 90
p/157.jpg 1 0 0 135 90
p/158.jpg 1 0 0 135 90
p/153.jpg 1 0 0 149 99
p/154.jpg 1 0 0 149 99
p/155.jpg 1 0 0 149 99
p/150.jpg 1 0 0 139 93
p/151.jpg 1 0 0 139 93
p/152.jpg 1 0 0 139 93
p/147.jpg 1 0 0 135 90
p/148.jpg 1 0 0 135 90
p/149.jpg 1 0 0 135 90
p/144.jpg 1 0 0 75 50
p/145.jpg 1 0 0 75 50
p/146.jpg 1 0 0 75 50
p/141.jpg 1 0 0 82 55
p/142.jpg 1 0 0 82 55
p/143.jpg 1 0 0 82 55
p/138.jpg 1 0 0 83 55
p/139.jpg 1 0 0 83 55
p/140.jpg 1 0 0 83 55
p/135.jpg 1 0 0 72 48
p/136.jpg 1 0 0 72 48
p/137.jpg 1 0 0 72 48
p/132.jpg 1 0 0 76 51
p/133.jpg 1 0 0 76 51
p/134.jpg 1 0 0 76 51
p/129.jpg 1 0 0 73 49
p/130.jpg 1 0 0 73 49
p/131.jpg 1 0 0 73 49
p/126.jpg 1 0 0 77 51
p/127.jpg 1 0 0 77 51
p/128.jpg 1 0 0 77 51
p/123.jpg 1 0 0 87 58
p/124.jpg 1 0 0 87 58
p/125.jpg 1 0 0 87 58
p/120.jpg 1 0 0 54 36
p/121.jpg 1 0 0 54 36
p/122.jpg 1 0 0 54 36
p/117.jpg 1 0 0 54 36
p/118.jpg 1 0 0 54 36
p/119.jpg 1 0 0 54 36
p/114.jpg 1 0 0 53 35
p/115.jpg 1 0 0 53 35
p/116.jpg 1 0 0 53 35
p/111.jpg 1 0 0 60 40
p/112.jpg 1 0 0 60 40
p/113.jpg 1 0 0 60 40
p/108.jpg 1 0 0 59 39
p/109.jpg 1 0 0 59 39
p/110.jpg 1 0 0 59 39
p/105.jpg 1 0 0 43 29
p/106.jpg 1 0 0 43 29
p/107.jpg 1 0 0 43 29
p/102.jpg 1 0 0 41 27
p/103.jpg 1 0 0 41 27
p/104.jpg 1 0 0 41 27
p/100.jpg 1 0 0 47 31
p/101.jpg 1 0 0 47 31
p/99.jpg 1 0 0 47 31
p/96.jpg 1 0 0 35 23
p/97.jpg 1 0 0 35 23
p/98.jpg 1 0 0 35 23
p/93.jpg 1 0 0 41 27
p/94.jpg 1 0 0 41 27
p/95.jpg 1 0 0 41 27
p/90.jpg 1 0 0 272 181
p/91.jpg 1 0 0 272 181
p/92.jpg 1 0 0 272 181
p/87.jpg 1 0 0 272 181
p/88.jpg 1 0 0 272 181
p/89.jpg 1 0 0 272 181
p/84.jpg 1 0 0 269 179
p/85.jpg 1 0 0 269 179
p/86.jpg 1 0 0 269 179
p/81.jpg 1 0 0 269 179
p/82.jpg 1 0 0 269 179
p/83.jpg 1 0 0 269 179
p/78.jpg 1 0 0 197 131
p/79.jpg 1 0 0 197 131
p/80.jpg 1 0 0 197 131
p/75.jpg 1 0 0 203 135
p/76.jpg 1 0 0 203 135
p/77.jpg 1 0 0 203 135
p/72.jpg 1 0 0 185 123
p/73.jpg 1 0 0 185 123
p/74.jpg 1 0 0 185 123
p/69.jpg 1 0 0 196 131
p/70.jpg 1 0 0 196 131
p/71.jpg 1 0 0 196 131
p/66.jpg 1 0 0 143 95
p/67.jpg 1 0 0 143 95
p/68.jpg 1 0 0 143 95
p/63.jpg 1 0 0 137 91
p/64.jpg 1 0 0 137 91
p/65.jpg 1 0 0 137 91
p/60.jpg 1 0 0 140 93
p/61.jpg 1 0 0 140 93
p/62.jpg 1 0 0 140 93
p/57.jpg 1 0 0 145 97
p/58.jpg 1 0 0 145 97
p/59.jpg 1 0 0 145 97
p/54.jpg 1 0 0 105 70
p/55.jpg 1 0 0 105 70
p/56.jpg 1 0 0 105 70
p/51.jpg 1 0 0 107 71
p/52.jpg 1 0 0 107 71
p/53.jpg 1 0 0 107 71
p/48.jpg 1 0 0 110 73
p/49.jpg 1 0 0 110 73
p/50.jpg 1 0 0 110 73
p/45.jpg 1 0 0 121 81
p/46.jpg 1 0 0 121 81
p/47.jpg 1 0 0 121 81
p/42.jpg 1 0 0 96 64
p/43.jpg 1 0 0 96 64
p/44.jpg 1 0 0 96 64
p/39.jpg 1 0 0 99 66
p/40.jpg 1 0 0 99 66
p/41.jpg 1 0 0 99 66
p/36.jpg 1 0 0 93 62
p/37.jpg 1 0 0 93 62
p/38.jpg 1 0 0 93 62
p/33.jpg 1 0 0 99 66
p/34.jpg 1 0 0 99 66
p/35.jpg 1 0 0 99 66
p/30.jpg 1 0 0 88 59
p/31.jpg 1 0 0 88 59
p/32.jpg 1 0 0 88 59
p/27.jpg 1 0 0 93 62
p/28.jpg 1 0 0 93 62
p/29.jpg 1 0 0 93 62
p/24.jpg 1 0 0 104 69
p/25.jpg 1 0 0 104 69
p/26.jpg 1 0 0 104 69
p/21.jpg 1 0 0 91 61
p/22.jpg 1 0 0 91 61
p/23.jpg 1 0 0 91 61
p/18.jpg 1 0 0 92 61
p/19.jpg 1 0 0 92 61
p/20.jpg 1 0 0 92 61
p/15.jpg 1 0 0 98 65
p/16.jpg 1 0 0 98 65
p/17.jpg 1 0 0 98 65
p/12.jpg 1 0 0 93 62
p/13.jpg 1 0 0 93 62
p/14.jpg 1 0 0 93 62
p/10.jpg 1 0 0 95 63
p/11.jpg 1 0 0 95 63
p/9.jpg 1 0 0 95 63
p/6.jpg 1 0 0 98 65
p/7.jpg 1 0 0 98 65
p/8.jpg 1 0 0 98 65
p/3.jpg 1 0 0 92 61
p/4.jpg 1 0 0 92 61
p/5.jpg 1 0 0 92 61
p/0.jpg 1 0 0 91 61
p/1.jpg 1 0 0 91 61
p/2.jpg 1 0 0 91 61